# JRE version: OpenJDK Runtime Environment (19.0.1+10) (build 19.0.1+10-21)
# Java VM: OpenJDK 64-Bit Server VM (19.0.1+10-21, mixed mode, sharing, tiered, compressed oops, compressed class ptrs, g1 gc, windows-amd64)
GC Precious Log:
 CardTable entry size: 512
 Card Set container configuration: InlinePtr #cards 5 size 8 Array Of Cards #cards 12 size 40 Howl #buckets 4 coarsen threshold 1843 Howl Bitmap #cards 512 size 80 coarsen threshold 460 Card regions per heap region 1 cards per card region 2048
 CPUs: 8 total, 8 available
 Memory: 8069M
 Large Page Support: Disabled
 NUMA Support: Disabled
 Compressed Oops: Enabled (32-bit)
 Heap Region Size: 1M
 Heap Min Capacity: 8M
 Heap Initial Capacity: 128M
 Heap Max Capacity: 2018M
 Pre-touch: Disabled
 Parallel Workers: 8
 Concurrent Workers: 2
 Concurrent Refinement Workers: 8
 Periodic GC: Disabled
Heap:
 garbage-first heap   total 131072K, used 46186K [0x0000000081e00000, 0x0000000100000000)
  region size 1024K, 39 young (39936K), 2 survivors (2048K)
 Metaspace       used 11223K, committed 11456K, reserved 1114112K
  class space    used 1286K, committed 1408K, reserved 1048576K
GC Heap History (6 events):
Event: 0.569 GC heap before
{Heap before GC invocations=0 (full 0):
 garbage-first heap   total 131072K, used 22528K [0x0000000081e00000, 0x0000000100000000)
  region size 1024K, 23 young (23552K), 0 survivors (0K)
 Metaspace       used 5656K, committed 5888K, reserved 1114112K
  class space    used 716K, committed 832K, reserved 1048576K
}
Event: 0.573 GC heap after
{Heap after GC invocations=1 (full 0):
 garbage-first heap   total 131072K, used 3301K [0x0000000081e00000, 0x0000000100000000)
  region size 1024K, 3 young (3072K), 3 survivors (3072K)
 Metaspace       used 5656K, committed 5888K, reserved 1114112K
  class space    used 716K, committed 832K, reserved 1048576K
}
Event: 3.351 GC heap before
{Heap before GC invocations=1 (full 0):
 garbage-first heap   total 131072K, used 36069K [0x0000000081e00000, 0x0000000100000000)
  region size 1024K, 36 young (36864K), 3 survivors (3072K)
 Metaspace       used 10812K, committed 11072K, reserved 1114112K
  class space    used 1284K, committed 1408K, reserved 1048576K
}
Event: 3.357 GC heap after
{Heap after GC invocations=2 (full 0):
 garbage-first heap   total 131072K, used 7831K [0x0000000081e00000, 0x0000000100000000)
  region size 1024K, 5 young (5120K), 5 survivors (5120K)
 Metaspace       used 10812K, committed 11072K, reserved 1114112K
  class space    used 1284K, committed 1408K, reserved 1048576K
}
Event: 16.812 GC heap before
{Heap before GC invocations=2 (full 0):
 garbage-first heap   total 131072K, used 66199K [0x0000000081e00000, 0x0000000100000000)
  region size 1024K, 62 young (63488K), 5 survivors (5120K)
 Metaspace       used 11218K, committed 11456K, reserved 1114112K
  class space    used 1285K, committed 1408K, reserved 1048576K
}
Event: 16.818 GC heap after
{Heap after GC invocations=3 (full 0):
 garbage-first heap   total 131072K, used 9322K [0x0000000081e00000, 0x0000000100000000)
  region size 1024K, 2 young (2048K), 2 survivors (2048K)
 Metaspace       used 11218K, committed 11456K, reserved 1114112K
  class space    used 1285K, committed 1408K, reserved 1048576K
}

