# JRE version: OpenJDK Runtime Environment (19.0.1+10) (build 19.0.1+10-21)
# Java VM: OpenJDK 64-Bit Server VM (19.0.1+10-21, mixed mode, sharing, tiered, compressed oops, compressed class ptrs, g1 gc, windows-amd64)
GC Precious Log:
 CardTable entry size: 512
 Card Set container configuration: InlinePtr #cards 5 size 8 Array Of Cards #cards 12 size 40 Howl #buckets 4 coarsen threshold 1843 Howl Bitmap #cards 512 size 80 coarsen threshold 460 Card regions per heap region 1 cards per card region 2048
 CPUs: 8 total, 8 available
 Memory: 8069M
 Large Page Support: Disabled
 NUMA Support: Disabled
 Compressed Oops: Enabled (32-bit)
 Heap Region Size: 1M
 Heap Min Capacity: 8M
 Heap Initial Capacity: 128M
 Heap Max Capacity: 2018M
 Pre-touch: Disabled
 Parallel Workers: 8
 Concurrent Workers: 2
 Concurrent Refinement Workers: 8
 Periodic GC: Disabled
Heap:
 garbage-first heap   total 131072K, used 52316K [0x0000000081e00000, 0x0000000100000000)
  region size 1024K, 46 young (47104K), 2 survivors (2048K)
 Metaspace       used 11883K, committed 12096K, reserved 1114112K
  class space    used 1387K, committed 1472K, reserved 1048576K
GC Heap History (20 events):
Event: 195.076 GC heap before
{Heap before GC invocations=19 (full 0):
 garbage-first heap   total 131072K, used 85513K [0x0000000081e00000, 0x0000000100000000)
  region size 1024K, 76 young (77824K), 2 survivors (2048K)
 Metaspace       used 11797K, committed 12032K, reserved 1114112K
  class space    used 1377K, committed 1472K, reserved 1048576K
}
Event: 195.079 GC heap after
{Heap after GC invocations=20 (full 0):
 garbage-first heap   total 131072K, used 9538K [0x0000000081e00000, 0x0000000100000000)
  region size 1024K, 2 young (2048K), 2 survivors (2048K)
 Metaspace       used 11797K, committed 12032K, reserved 1114112K
  class space    used 1377K, committed 1472K, reserved 1048576K
}
Event: 207.869 GC heap before
{Heap before GC invocations=20 (full 0):
 garbage-first heap   total 131072K, used 85314K [0x0000000081e00000, 0x0000000100000000)
  region size 1024K, 76 young (77824K), 2 survivors (2048K)
 Metaspace       used 11797K, committed 12032K, reserved 1114112K
  class space    used 1377K, committed 1472K, reserved 1048576K
}
Event: 207.873 GC heap after
{Heap after GC invocations=21 (full 0):
 garbage-first heap   total 131072K, used 9457K [0x0000000081e00000, 0x0000000100000000)
  region size 1024K, 2 young (2048K), 2 survivors (2048K)
 Metaspace       used 11797K, committed 12032K, reserved 1114112K
  class space    used 1377K, committed 1472K, reserved 1048576K
}
Event: 227.728 GC heap before
{Heap before GC invocations=21 (full 0):
 garbage-first heap   total 131072K, used 85233K [0x0000000081e00000, 0x0000000100000000)
  region size 1024K, 76 young (77824K), 2 survivors (2048K)
 Metaspace       used 11797K, committed 12032K, reserved 1114112K
  class space    used 1377K, committed 1472K, reserved 1048576K
}
Event: 227.731 GC heap after
{Heap after GC invocations=22 (full 0):
 garbage-first heap   total 131072K, used 9476K [0x0000000081e00000, 0x0000000100000000)
  region size 1024K, 2 young (2048K), 2 survivors (2048K)
 Metaspace       used 11797K, committed 12032K, reserved 1114112K
  class space    used 1377K, committed 1472K, reserved 1048576K
}
Event: 241.859 GC heap before
{Heap before GC invocations=22 (full 0):
 garbage-first heap   total 131072K, used 85252K [0x0000000081e00000, 0x0000000100000000)
  region size 1024K, 76 young (77824K), 2 survivors (2048K)
 Metaspace       used 11797K, committed 12032K, reserved 1114112K
  class space    used 1377K, committed 1472K, reserved 1048576K
}
Event: 241.862 GC heap after
{Heap after GC invocations=23 (full 0):
 garbage-first heap   total 131072K, used 9308K [0x0000000081e00000, 0x0000000100000000)
  region size 1024K, 2 young (2048K), 2 survivors (2048K)
 Metaspace       used 11797K, committed 12032K, reserved 1114112K
  class space    used 1377K, committed 1472K, reserved 1048576K
}
Event: 258.003 GC heap before
{Heap before GC invocations=23 (full 0):
 garbage-first heap   total 131072K, used 85084K [0x0000000081e00000, 0x0000000100000000)
  region size 1024K, 76 young (77824K), 2 survivors (2048K)
 Metaspace       used 11797K, committed 12032K, reserved 1114112K
  class space    used 1377K, committed 1472K, reserved 1048576K
}
Event: 258.006 GC heap after
{Heap after GC invocations=24 (full 0):
 garbage-first heap   total 131072K, used 9207K [0x0000000081e00000, 0x0000000100000000)
  region size 1024K, 2 young (2048K), 2 survivors (2048K)
 Metaspace       used 11797K, committed 12032K, reserved 1114112K
  class space    used 1377K, committed 1472K, reserved 1048576K
}
Event: 270.866 GC heap before
{Heap before GC invocations=24 (full 0):
 garbage-first heap   total 131072K, used 84983K [0x0000000081e00000, 0x0000000100000000)
  region size 1024K, 76 young (77824K), 2 survivors (2048K)
 Metaspace       used 11799K, committed 12032K, reserved 1114112K
  class space    used 1377K, committed 1472K, reserved 1048576K
}
Event: 270.869 GC heap after
{Heap after GC invocations=25 (full 0):
 garbage-first heap   total 131072K, used 9143K [0x0000000081e00000, 0x0000000100000000)
  region size 1024K, 2 young (2048K), 2 survivors (2048K)
 Metaspace       used 11799K, committed 12032K, reserved 1114112K
  class space    used 1377K, committed 1472K, reserved 1048576K
}
Event: 285.921 GC heap before
{Heap before GC invocations=25 (full 0):
 garbage-first heap   total 131072K, used 84919K [0x0000000081e00000, 0x0000000100000000)
  region size 1024K, 76 young (77824K), 2 survivors (2048K)
 Metaspace       used 11799K, committed 12032K, reserved 1114112K
  class space    used 1377K, committed 1472K, reserved 1048576K
}
Event: 285.924 GC heap after
{Heap after GC invocations=26 (full 0):
 garbage-first heap   total 131072K, used 9114K [0x0000000081e00000, 0x0000000100000000)
  region size 1024K, 1 young (1024K), 1 survivors (1024K)
 Metaspace       used 11799K, committed 12032K, reserved 1114112K
  class space    used 1377K, committed 1472K, reserved 1048576K
}
Event: 305.081 GC heap before
{Heap before GC invocations=26 (full 0):
 garbage-first heap   total 131072K, used 85914K [0x0000000081e00000, 0x0000000100000000)
  region size 1024K, 76 young (77824K), 1 survivors (1024K)
 Metaspace       used 11799K, committed 12032K, reserved 1114112K
  class space    used 1377K, committed 1472K, reserved 1048576K
}
Event: 305.085 GC heap after
{Heap after GC invocations=27 (full 0):
 garbage-first heap   total 131072K, used 9373K [0x0000000081e00000, 0x0000000100000000)
  region size 1024K, 2 young (2048K), 2 survivors (2048K)
 Metaspace       used 11799K, committed 12032K, reserved 1114112K
  class space    used 1377K, committed 1472K, reserved 1048576K
}
Event: 320.628 GC heap before
{Heap before GC invocations=27 (full 0):
 garbage-first heap   total 131072K, used 85149K [0x0000000081e00000, 0x0000000100000000)
  region size 1024K, 76 young (77824K), 2 survivors (2048K)
 Metaspace       used 11802K, committed 12032K, reserved 1114112K
  class space    used 1377K, committed 1472K, reserved 1048576K
}
Event: 320.631 GC heap after
{Heap after GC invocations=28 (full 0):
 garbage-first heap   total 131072K, used 9273K [0x0000000081e00000, 0x0000000100000000)
  region size 1024K, 2 young (2048K), 2 survivors (2048K)
 Metaspace       used 11802K, committed 12032K, reserved 1114112K
  class space    used 1377K, committed 1472K, reserved 1048576K
}
Event: 337.469 GC heap before
{Heap before GC invocations=28 (full 0):
 garbage-first heap   total 131072K, used 85049K [0x0000000081e00000, 0x0000000100000000)
  region size 1024K, 76 young (77824K), 2 survivors (2048K)
 Metaspace       used 11802K, committed 12032K, reserved 1114112K
  class space    used 1377K, committed 1472K, reserved 1048576K
}
Event: 337.472 GC heap after
{Heap after GC invocations=29 (full 0):
 garbage-first heap   total 131072K, used 9308K [0x0000000081e00000, 0x0000000100000000)
  region size 1024K, 2 young (2048K), 2 survivors (2048K)
 Metaspace       used 11802K, committed 12032K, reserved 1114112K
  class space    used 1377K, committed 1472K, reserved 1048576K
}

